<?xml version="1.0" encoding="UTF-8"?>
<testng-results skipped="0" failed="0" total="1" passed="1">
  <reporter-output>
  </reporter-output>
  <suite name="Default suite" duration-ms="70" started-at="2019-05-01T06:45:23Z" finished-at="2019-05-01T06:45:23Z">
    <groups>
    </groups>
    <test name="Default test" duration-ms="70" started-at="2019-05-01T06:45:23Z" finished-at="2019-05-01T06:45:23Z">
      <class name="com.ea.Charactercount">
        <test-method status="PASS" signature="test2()[pri:0, instance:com.ea.Charactercount@59fa1d9b]" name="test2" duration-ms="27" started-at="2019-05-01T12:15:23Z" finished-at="2019-05-01T12:15:23Z">
          <reporter-output>
          </reporter-output>
        </test-method> <!-- test2 -->
      </class> <!-- com.ea.Charactercount -->
    </test> <!-- Default test -->
  </suite> <!-- Default suite -->
</testng-results>
